  5주차_2.cpp
C:\MyGithub\School\STL\STL\STL\String.h(79,34): error C2061: 구문 오류: 식별자 'istream'
C:\MyGithub\School\STL\STL\STL\String.h(79,58): error C2809: 'operator >>'에 정식 매개 변수가 없습니다.
C:\MyGithub\School\STL\STL\STL\String.h(81,6): error C2143: 구문 오류: ';'이(가) '>>' 앞에 없습니다.
C:\MyGithub\School\STL\STL\STL\String.h(81,6): error C4430: 형식 지정자가 없습니다. int로 가정합니다. 참고: C++에서는 기본 int를 지원하지 않습니다.
C:\MyGithub\School\STL\STL\STL\String.h(81,12): error C2238: ';' 앞에 예기치 않은 토큰이 있습니다.
C:\MyGithub\School\STL\STL\STL\String.h(82,3): error C2059: 구문 오류: 'delete'
C:\MyGithub\School\STL\STL\STL\String.h(82,15): error C2238: ';' 앞에 예기치 않은 토큰이 있습니다.
C:\MyGithub\School\STL\STL\STL\String.h(83,4): error C3927: '->': 후행 반환 형식은 비함수 선언자 뒤에 올 수 없습니다.
C:\MyGithub\School\STL\STL\STL\String.h(83,4): error C3484: 구문 오류: 반환 형식 앞에 '->'가 필요합니다.
C:\MyGithub\School\STL\STL\STL\String.h(83,5): error C3613: '->' 후 반환 형식이 없습니다('int'로 간주됨).
C:\MyGithub\School\STL\STL\STL\String.h(83,5): error C3646: 'len': 알 수 없는 재정의 지정자입니다.
C:\MyGithub\School\STL\STL\STL\String.h(83,9): error C2059: 구문 오류: '='
C:\MyGithub\School\STL\STL\STL\String.h(83,21): error C2238: ';' 앞에 예기치 않은 토큰이 있습니다.
C:\MyGithub\School\STL\STL\STL\String.h(84,4): error C3927: '->': 후행 반환 형식은 비함수 선언자 뒤에 올 수 없습니다.
C:\MyGithub\School\STL\STL\STL\String.h(84,4): error C3484: 구문 오류: 반환 형식 앞에 '->'가 필요합니다.
C:\MyGithub\School\STL\STL\STL\String.h(84,5): error C3613: '->' 후 반환 형식이 없습니다('int'로 간주됨).
C:\MyGithub\School\STL\STL\STL\String.h(84,5): error C3646: 'p': 알 수 없는 재정의 지정자입니다.
C:\MyGithub\School\STL\STL\STL\String.h(84,7): error C2059: 구문 오류: '='
C:\MyGithub\School\STL\STL\STL\String.h(84,24): error C2238: ';' 앞에 예기치 않은 토큰이 있습니다.
C:\MyGithub\School\STL\STL\STL\String.h(85,10): error C2061: 구문 오류: 식별자 's'
C:\MyGithub\School\STL\STL\STL\String.h(85,32): error C2059: 구문 오류: ')'
C:\MyGithub\School\STL\STL\STL\String.h(85,33): error C2143: 구문 오류: ')'이(가) ';' 앞에 없습니다.
C:\MyGithub\School\STL\STL\STL\String.h(85,33): error C4430: 형식 지정자가 없습니다. int로 가정합니다. 참고: C++에서는 기본 int를 지원하지 않습니다.
C:\MyGithub\School\STL\STL\STL\String.h(85,33): warning C4183: 'memcpy': 반환 형식이 없습니다. 'int'를 반환하는 멤버 함수로 간주됩니다.
C:\MyGithub\School\STL\STL\STL\String.h(86,3): error C2059: 구문 오류: 'return'
C:\MyGithub\School\STL\STL\STL\String.h(86,12): error C2238: ';' 앞에 예기치 않은 토큰이 있습니다.
C:\MyGithub\School\STL\STL\STL\String.h(90,16): error C2377: 'size_t': 재정의. 다른 기호를 사용하여 형식 정의를 오버로드할 수 없습니다.
C:\MyGithub\School\STL\STL\STL\5주차_2.cpp : message : 'size_t' 선언을 참조하십시오.
C:\MyGithub\School\STL\STL\STL\String.h(90,9): error C2146: 구문 오류: ';'이(가) 'getSize' 식별자 앞에 없습니다.
C:\MyGithub\School\STL\STL\STL\String.h(90,24): error C2270: 'getSize': 비멤버 함수에 한정자를 사용할 수 없습니다.
C:\MyGithub\School\STL\STL\STL\String.h(90,24): error C4430: 형식 지정자가 없습니다. int로 가정합니다. 참고: C++에서는 기본 int를 지원하지 않습니다.
C:\MyGithub\School\STL\STL\STL\String.h(98,1): error C2059: 구문 오류: '}'
C:\MyGithub\School\STL\STL\STL\String.h(98,1): error C2143: 구문 오류: ';'이(가) '}' 앞에 없습니다.
C:\MyGithub\School\STL\STL\STL\5주차_2.cpp(28,13): error C2679: 이항 '>>': 오른쪽 피연산자로 '_Ty' 형식을 사용하는 연산자가 없거나 허용되는 변환이 없습니다.
          with
          [
              _Ty=String
          ]
C:\Program Files\Microsoft Visual Studio\2022\Community\VC\Tools\MSVC\14.33.31629\include\istream(299,39): message : 'std::basic_istream<char,std::char_traits<char>> &std::basic_istream<char,std::char_traits<char>>::operator >>(std::basic_streambuf<char,std::char_traits<char>> *)'일 수 있습니다.
C:\Program Files\Microsoft Visual Studio\2022\Community\VC\Tools\MSVC\14.33.31629\include\istream(295,39): message : 또는       'std::basic_istream<char,std::char_traits<char>> &std::basic_istream<char,std::char_traits<char>>::operator >>(void *&)'
C:\Program Files\Microsoft Visual Studio\2022\Community\VC\Tools\MSVC\14.33.31629\include\istream(291,39): message : 또는       'std::basic_istream<char,std::char_traits<char>> &std::basic_istream<char,std::char_traits<char>>::operator >>(long double &)'
C:\Program Files\Microsoft Visual Studio\2022\Community\VC\Tools\MSVC\14.33.31629\include\istream(287,39): message : 또는       'std::basic_istream<char,std::char_traits<char>> &std::basic_istream<char,std::char_traits<char>>::operator >>(double &)'
C:\Program Files\Microsoft Visual Studio\2022\Community\VC\Tools\MSVC\14.33.31629\include\istream(283,39): message : 또는       'std::basic_istream<char,std::char_traits<char>> &std::basic_istream<char,std::char_traits<char>>::operator >>(float &)'
C:\Program Files\Microsoft Visual Studio\2022\Community\VC\Tools\MSVC\14.33.31629\include\istream(279,39): message : 또는       'std::basic_istream<char,std::char_traits<char>> &std::basic_istream<char,std::char_traits<char>>::operator >>(unsigned __int64 &)'
C:\Program Files\Microsoft Visual Studio\2022\Community\VC\Tools\MSVC\14.33.31629\include\istream(275,39): message : 또는       'std::basic_istream<char,std::char_traits<char>> &std::basic_istream<char,std::char_traits<char>>::operator >>(__int64 &)'
C:\Program Files\Microsoft Visual Studio\2022\Community\VC\Tools\MSVC\14.33.31629\include\istream(271,39): message : 또는       'std::basic_istream<char,std::char_traits<char>> &std::basic_istream<char,std::char_traits<char>>::operator >>(unsigned long &)'
C:\Program Files\Microsoft Visual Studio\2022\Community\VC\Tools\MSVC\14.33.31629\include\istream(267,39): message : 또는       'std::basic_istream<char,std::char_traits<char>> &std::basic_istream<char,std::char_traits<char>>::operator >>(long &)'
C:\Program Files\Microsoft Visual Studio\2022\Community\VC\Tools\MSVC\14.33.31629\include\istream(263,39): message : 또는       'std::basic_istream<char,std::char_traits<char>> &std::basic_istream<char,std::char_traits<char>>::operator >>(unsigned int &)'
C:\Program Files\Microsoft Visual Studio\2022\Community\VC\Tools\MSVC\14.33.31629\include\istream(255,39): message : 또는       'std::basic_istream<char,std::char_traits<char>> &std::basic_istream<char,std::char_traits<char>>::operator >>(int &)'
C:\Program Files\Microsoft Visual Studio\2022\Community\VC\Tools\MSVC\14.33.31629\include\istream(251,39): message : 또는       'std::basic_istream<char,std::char_traits<char>> &std::basic_istream<char,std::char_traits<char>>::operator >>(unsigned short &)'
C:\Program Files\Microsoft Visual Studio\2022\Community\VC\Tools\MSVC\14.33.31629\include\istream(219,39): message : 또는       'std::basic_istream<char,std::char_traits<char>> &std::basic_istream<char,std::char_traits<char>>::operator >>(short &)'
C:\Program Files\Microsoft Visual Studio\2022\Community\VC\Tools\MSVC\14.33.31629\include\istream(215,39): message : 또는       'std::basic_istream<char,std::char_traits<char>> &std::basic_istream<char,std::char_traits<char>>::operator >>(bool &)'
C:\Program Files\Microsoft Visual Studio\2022\Community\VC\Tools\MSVC\14.33.31629\include\istream(186,39): message : 또는       'std::basic_istream<char,std::char_traits<char>> &std::basic_istream<char,std::char_traits<char>>::operator >>(std::ios_base &(__cdecl *)(std::ios_base &))'
C:\Program Files\Microsoft Visual Studio\2022\Community\VC\Tools\MSVC\14.33.31629\include\istream(181,39): message : 또는       'std::basic_istream<char,std::char_traits<char>> &std::basic_istream<char,std::char_traits<char>>::operator >>(std::basic_ios<char,std::char_traits<char>> &(__cdecl *)(std::basic_ios<char,std::char_traits<char>> &))'
C:\Program Files\Microsoft Visual Studio\2022\Community\VC\Tools\MSVC\14.33.31629\include\istream(176,39): message : 또는       'std::basic_istream<char,std::char_traits<char>> &std::basic_istream<char,std::char_traits<char>>::operator >>(std::basic_istream<char,std::char_traits<char>> &(__cdecl *)(std::basic_istream<char,std::char_traits<char>> &))'
C:\MyGithub\School\STL\STL\STL\5주차_2.cpp(28,13): message : 인수 목록 '(std::ifstream, _Ty)'을(를) 일치시키는 동안
          with
          [
              _Ty=String
          ]
C:\MyGithub\School\STL\STL\STL\5주차_2.cpp(33,12): error C2039: 'getSize': 'String'의 멤버가 아닙니다.
C:\MyGithub\School\STL\STL\STL\String.h(27): message : 'String' 선언을 참조하십시오.
C:\MyGithub\School\STL\STL\STL\5주차_2.cpp(33,26): error C2039: 'getSize': 'String'의 멤버가 아닙니다.
C:\MyGithub\School\STL\STL\STL\String.h(27): message : 'String' 선언을 참조하십시오.
  String.cpp
C:\MyGithub\School\STL\STL\STL\String.h(79,34): error C2061: 구문 오류: 식별자 'istream'
C:\MyGithub\School\STL\STL\STL\String.h(79,58): error C2809: 'operator >>'에 정식 매개 변수가 없습니다.
C:\MyGithub\School\STL\STL\STL\String.h(81,6): error C2143: 구문 오류: ';'이(가) '>>' 앞에 없습니다.
C:\MyGithub\School\STL\STL\STL\String.h(81,6): error C4430: 형식 지정자가 없습니다. int로 가정합니다. 참고: C++에서는 기본 int를 지원하지 않습니다.
C:\MyGithub\School\STL\STL\STL\String.h(81,12): error C2238: ';' 앞에 예기치 않은 토큰이 있습니다.
C:\MyGithub\School\STL\STL\STL\String.h(82,3): error C2059: 구문 오류: 'delete'
C:\MyGithub\School\STL\STL\STL\String.h(82,15): error C2238: ';' 앞에 예기치 않은 토큰이 있습니다.
C:\MyGithub\School\STL\STL\STL\String.h(83,4): error C3927: '->': 후행 반환 형식은 비함수 선언자 뒤에 올 수 없습니다.
C:\MyGithub\School\STL\STL\STL\String.h(83,4): error C3484: 구문 오류: 반환 형식 앞에 '->'가 필요합니다.
C:\MyGithub\School\STL\STL\STL\String.h(83,5): error C3613: '->' 후 반환 형식이 없습니다('int'로 간주됨).
C:\MyGithub\School\STL\STL\STL\String.h(83,5): error C3646: 'len': 알 수 없는 재정의 지정자입니다.
C:\MyGithub\School\STL\STL\STL\String.h(83,9): error C2059: 구문 오류: '='
C:\MyGithub\School\STL\STL\STL\String.h(83,21): error C2238: ';' 앞에 예기치 않은 토큰이 있습니다.
C:\MyGithub\School\STL\STL\STL\String.h(84,4): error C3927: '->': 후행 반환 형식은 비함수 선언자 뒤에 올 수 없습니다.
C:\MyGithub\School\STL\STL\STL\String.h(84,4): error C3484: 구문 오류: 반환 형식 앞에 '->'가 필요합니다.
C:\MyGithub\School\STL\STL\STL\String.h(84,5): error C3613: '->' 후 반환 형식이 없습니다('int'로 간주됨).
C:\MyGithub\School\STL\STL\STL\String.h(84,5): error C3646: 'p': 알 수 없는 재정의 지정자입니다.
C:\MyGithub\School\STL\STL\STL\String.h(84,7): error C2059: 구문 오류: '='
C:\MyGithub\School\STL\STL\STL\String.h(84,24): error C2238: ';' 앞에 예기치 않은 토큰이 있습니다.
C:\MyGithub\School\STL\STL\STL\String.h(85,10): error C2061: 구문 오류: 식별자 's'
C:\MyGithub\School\STL\STL\STL\String.h(85,32): error C2059: 구문 오류: ')'
C:\MyGithub\School\STL\STL\STL\String.h(85,33): error C2143: 구문 오류: ')'이(가) ';' 앞에 없습니다.
C:\MyGithub\School\STL\STL\STL\String.h(85,33): error C4430: 형식 지정자가 없습니다. int로 가정합니다. 참고: C++에서는 기본 int를 지원하지 않습니다.
C:\MyGithub\School\STL\STL\STL\String.h(85,33): warning C4183: 'memcpy': 반환 형식이 없습니다. 'int'를 반환하는 멤버 함수로 간주됩니다.
C:\MyGithub\School\STL\STL\STL\String.h(86,3): error C2059: 구문 오류: 'return'
C:\MyGithub\School\STL\STL\STL\String.h(86,12): error C2238: ';' 앞에 예기치 않은 토큰이 있습니다.
C:\MyGithub\School\STL\STL\STL\String.h(90,16): error C2377: 'size_t': 재정의. 다른 기호를 사용하여 형식 정의를 오버로드할 수 없습니다.
C:\MyGithub\School\STL\STL\STL\String.cpp : message : 'size_t' 선언을 참조하십시오.
C:\MyGithub\School\STL\STL\STL\String.h(90,9): error C2146: 구문 오류: ';'이(가) 'getSize' 식별자 앞에 없습니다.
C:\MyGithub\School\STL\STL\STL\String.h(90,24): error C2270: 'getSize': 비멤버 함수에 한정자를 사용할 수 없습니다.
C:\MyGithub\School\STL\STL\STL\String.h(90,24): error C4430: 형식 지정자가 없습니다. int로 가정합니다. 참고: C++에서는 기본 int를 지원하지 않습니다.
C:\MyGithub\School\STL\STL\STL\String.h(98,1): error C2059: 구문 오류: '}'
C:\MyGithub\School\STL\STL\STL\String.h(98,1): error C2143: 구문 오류: ';'이(가) '}' 앞에 없습니다.
C:\MyGithub\School\STL\STL\STL\String.cpp(6,16): error C2143: 구문 오류: ';'이(가) 'String::sid' 앞에 없습니다.
C:\MyGithub\School\STL\STL\STL\String.cpp(6,20): error C4430: 형식 지정자가 없습니다. int로 가정합니다. 참고: C++에서는 기본 int를 지원하지 않습니다.
C:\MyGithub\School\STL\STL\STL\String.cpp(6,1): error C2371: 'size_t': 재정의. 기본 형식이 다릅니다.
C:\MyGithub\School\STL\STL\STL\String.h(90): message : 'size_t' 선언을 참조하십시오.
C:\MyGithub\School\STL\STL\STL\String.cpp(6,22): error C4430: 형식 지정자가 없습니다. int로 가정합니다. 참고: C++에서는 기본 int를 지원하지 않습니다.
C:\MyGithub\School\STL\STL\STL\String.cpp(6,16): error C2371: 'sid': 재정의. 기본 형식이 다릅니다.
C:\MyGithub\School\STL\STL\STL\String.h(33): message : 'sid' 선언을 참조하십시오.
C:\MyGithub\School\STL\STL\STL\String.cpp(20,18): error C2660: 'String::memcpy': 함수는 3개의 인수를 사용하지 않습니다.
C:\MyGithub\School\STL\STL\STL\String.h(85,3): message : 'String::memcpy' 선언을 참조하십시오.
C:\MyGithub\School\STL\STL\STL\String.cpp(36,24): error C2660: 'String::memcpy': 함수는 3개의 인수를 사용하지 않습니다.
C:\MyGithub\School\STL\STL\STL\String.h(85,3): message : 'String::memcpy' 선언을 참조하십시오.
C:\MyGithub\School\STL\STL\STL\String.cpp(49,24): error C2660: 'String::memcpy': 함수는 3개의 인수를 사용하지 않습니다.
C:\MyGithub\School\STL\STL\STL\String.h(85,3): message : 'String::memcpy' 선언을 참조하십시오.
C:\MyGithub\School\STL\STL\STL\String.cpp(97,16): error C2039: 'getSize': 'String'의 멤버가 아닙니다.
C:\MyGithub\School\STL\STL\STL\String.h(27): message : 'String' 선언을 참조하십시오.
C:\MyGithub\School\STL\STL\STL\String.cpp(97,23): error C4430: 형식 지정자가 없습니다. int로 가정합니다. 참고: C++에서는 기본 int를 지원하지 않습니다.
C:\MyGithub\School\STL\STL\STL\String.cpp(97,1): error C2371: 'size_t': 재정의. 기본 형식이 다릅니다.
C:\MyGithub\School\STL\STL\STL\String.h(90): message : 'size_t' 선언을 참조하십시오.
C:\MyGithub\School\STL\STL\STL\String.cpp(97,23): error C2146: 구문 오류: ';'이(가) 'getSize' 식별자 앞에 없습니다.
C:\MyGithub\School\STL\STL\STL\String.cpp(98,1): error C2143: 구문 오류: ';'이(가) '{' 앞에 없습니다.
C:\MyGithub\School\STL\STL\STL\String.cpp(98,1): error C2447: '{': 함수 헤더가 없습니다. 이전 스타일의 형식 목록입니까?
C:\MyGithub\School\STL\STL\STL\String.cpp(109,23): error C2660: 'String::memcpy': 함수는 3개의 인수를 사용하지 않습니다.
C:\MyGithub\School\STL\STL\STL\String.h(85,3): message : 'String::memcpy' 선언을 참조하십시오.
C:\MyGithub\School\STL\STL\STL\String.cpp(110,37): error C2660: 'String::memcpy': 함수는 3개의 인수를 사용하지 않습니다.
C:\MyGithub\School\STL\STL\STL\String.h(85,3): message : 'String::memcpy' 선언을 참조하십시오.
