c:\mygithub\school\stl\stl\stl\x64\release\vc143.pdb
c:\mygithub\school\stl\stl\school_stl\stl\x64\release\vc143.pdb
c:\mygithub\school\stl\stl\school_stl\stl\x64\release\test.obj
c:\mygithub\school\stl\stl\school_stl\stl\x64\release\study.obj
c:\mygithub\school\stl\stl\school_stl\stl\x64\release\string.obj
c:\mygithub\school\stl\stl\school_stl\stl\x64\release\stl.obj
c:\mygithub\school\stl\stl\school_stl\stl\x64\release\save.obj
c:\mygithub\school\stl\stl\school_stl\stl\x64\release\6주차_1.obj
c:\mygithub\school\stl\stl\school_stl\stl\x64\release\5주차_2.obj
c:\mygithub\school\stl\stl\school_stl\stl\x64\release\5주차_1.obj
c:\mygithub\school\stl\stl\school_stl\stl\x64\release\6주차_2.obj
c:\mygithub\school\stl\stl\school_stl\stl\x64\release\7주차_2.obj
c:\mygithub\school\stl\stl\school_stl\x64\release\stl.exe
c:\mygithub\school\stl\stl\school_stl\stl\x64\release\stl.ipdb
c:\mygithub\school\stl\stl\school_stl\x64\release\stl.pdb
c:\mygithub\school\stl\stl\school_stl\stl\x64\release\stl.iobj
c:\mygithub\school\stl\stl\school_stl\stl\x64\release\stl.tlog\cl.command.1.tlog
c:\mygithub\school\stl\stl\school_stl\stl\x64\release\stl.tlog\cl.read.1.tlog
c:\mygithub\school\stl\stl\school_stl\stl\x64\release\stl.tlog\cl.write.1.tlog
c:\mygithub\school\stl\stl\school_stl\stl\x64\release\stl.tlog\link.command.1.tlog
c:\mygithub\school\stl\stl\school_stl\stl\x64\release\stl.tlog\link.read.1.tlog
c:\mygithub\school\stl\stl\school_stl\stl\x64\release\stl.tlog\link.write.1.tlog
